#
# There is insufficient memory for the Java Runtime Environment to continue.
# Native memory allocation (malloc) failed to allocate 761376 bytes for Chunk::new
# Possible reasons:
#   The system is out of physical RAM or swap space
#   In 32 bit mode, the process size limit was hit
# Possible solutions:
#   Reduce memory load on the system
#   Increase physical memory or swap space
#   Check if swap backing store is full
#   Use 64 bit Java on a 64 bit OS
#   Decrease Java heap size (-Xmx/-Xms)
#   Decrease number of Java threads
#   Decrease Java thread stack sizes (-Xss)
#   Set larger code cache with -XX:ReservedCodeCacheSize=
# This output file may be truncated or incomplete.
#
#  Out of Memory Error (allocation.cpp:390), pid=11364, tid=11728
#
# JRE version: Java(TM) SE Runtime Environment (8.0_20-b26) (build 1.8.0_20-b26)
# Java VM: Java HotSpot(TM) 64-Bit Server VM (25.20-b23 mixed mode windows-amd64 compressed oops)
# Failed to write core dump. Minidumps are not enabled by default on client versions of Windows
#

---------------  T H R E A D  ---------------

Current thread (0x0000000056612800):  JavaThread "C2 CompilerThread1" daemon [_thread_in_native, id=11728, stack(0x0000000056de0000,0x0000000056ee0000)]

Stack: [0x0000000056de0000,0x0000000056ee0000]
Native frames: (J=compiled Java code, j=interpreted, Vv=VM code, C=native code)
V  [jvm.dll+0x3152fa]


Current CompileTask:
C2:   1327 1239       4       com.android.dx.ssa.SCCP::simulateStmt (481 bytes)


---------------  P R O C E S S  ---------------

Java Threads: ( => current thread )
  0x00000000568bc000 JavaThread "pool-2-thread-4" [_thread_blocked, id=11148, stack(0x00000000580c0000,0x00000000581c0000)]
  0x00000000568bb800 JavaThread "pool-2-thread-3" [_thread_blocked, id=12072, stack(0x0000000057f50000,0x0000000058050000)]
  0x00000000568b8800 JavaThread "pool-2-thread-2" [_thread_blocked, id=2448, stack(0x0000000057010000,0x0000000057110000)]
  0x0000000057280800 JavaThread "pool-3-thread-1" [_thread_blocked, id=3528, stack(0x0000000057d30000,0x0000000057e30000)]
  0x0000000056962000 JavaThread "pool-2-thread-1" [_thread_blocked, id=11388, stack(0x0000000057b80000,0x0000000057c80000)]
  0x0000000056648800 JavaThread "Service Thread" daemon [_thread_blocked, id=11076, stack(0x0000000056f00000,0x0000000057000000)]
  0x0000000056614000 JavaThread "C1 CompilerThread2" daemon [_thread_blocked, id=10412, stack(0x0000000056230000,0x0000000056330000)]
=>0x0000000056612800 JavaThread "C2 CompilerThread1" daemon [_thread_in_native, id=11728, stack(0x0000000056de0000,0x0000000056ee0000)]
  0x000000005660d800 JavaThread "C2 CompilerThread0" daemon [_thread_blocked, id=12148, stack(0x0000000056c50000,0x0000000056d50000)]
  0x000000005660c800 JavaThread "Attach Listener" daemon [_thread_blocked, id=10960, stack(0x0000000056a10000,0x0000000056b10000)]
  0x0000000055157800 JavaThread "Signal Dispatcher" daemon [_thread_blocked, id=9284, stack(0x0000000056b20000,0x0000000056c20000)]
  0x00000000550ef800 JavaThread "Finalizer" daemon [_thread_blocked, id=10628, stack(0x0000000056500000,0x0000000056600000)]
  0x00000000550ec800 JavaThread "Reference Handler" daemon [_thread_blocked, id=9980, stack(0x0000000056350000,0x0000000056450000)]
  0x000000000250e800 JavaThread "main" [_thread_blocked, id=800, stack(0x0000000002520000,0x0000000002620000)]

Other Threads:
  0x00000000550e7000 VMThread [stack: 0x00000000560e0000,0x00000000561e0000] [id=11804]
  0x0000000056650800 WatcherThread [stack: 0x0000000057180000,0x0000000057280000] [id=12232]

VM state:not at safepoint (normal execution)

VM Mutex/Monitor currently owned by a thread: None

Heap:
 PSYoungGen      total 76288K, used 60584K [0x00000000eab00000, 0x00000000f0000000, 0x0000000100000000)
  eden space 65536K, 92% used [0x00000000eab00000,0x00000000ee62a010,0x00000000eeb00000)
  from space 10752K, 0% used [0x00000000ef580000,0x00000000ef580000,0x00000000f0000000)
  to   space 10752K, 0% used [0x00000000eeb00000,0x00000000eeb00000,0x00000000ef580000)
 ParOldGen       total 175104K, used 0K [0x00000000c0000000, 0x00000000cab00000, 0x00000000eab00000)
  object space 175104K, 0% used [0x00000000c0000000,0x00000000c0000000,0x00000000cab00000)
 Metaspace       used 6096K, capacity 7024K, committed 7296K, reserved 1056768K
  class space    used 593K, capacity 616K, committed 640K, reserved 1048576K

Card table byte_map: [0x0000000011a90000,0x0000000011ca0000] byte_map_base: 0x0000000011490000

Marking Bits: (ParMarkBitMap*) 0x000000005915b460
 Begin Bits: [0x0000000012560000, 0x0000000013560000)
 End Bits:   [0x0000000013560000, 0x0000000014560000)

Polling page: 0x0000000000140000

CodeCache: size=245760Kb used=5411Kb max_used=5417Kb free=240348Kb
 bounds [0x00000000026d0000, 0x0000000002c20000, 0x00000000116d0000]
 total_blobs=1627 nmethods=1359 adapters=180
 compilation: disabled (not enough contiguous free space left)

Compilation events (10 events):
Event: 1.289 Thread 0x0000000056614000 nmethod 1346 0x0000000002c0ae10 code [0x0000000002c0afa0, 0x0000000002c0b2e8]
Event: 1.289 Thread 0x0000000056614000 1370       3       com.android.dx.ssa.SCCP::replaceBranches (142 bytes)
Event: 1.289 Thread 0x0000000056614000 nmethod 1370 0x0000000002c0b410 code [0x0000000002c0b660, 0x0000000002c0c5c8]
Event: 1.289 Thread 0x0000000056614000 1371       3       com.android.dx.cf.code.Ropper::addSetupBlocks (535 bytes)
Event: 1.294 Thread 0x0000000056614000 nmethod 1371 0x0000000002c0ccd0 code [0x0000000002c0d720, 0x0000000002c156a8]
Event: 1.294 Thread 0x0000000056614000 1372       3       com.android.dx.cf.code.Frame::initializeWithParameters (49 bytes)
Event: 1.295 Thread 0x0000000056614000 nmethod 1372 0x0000000002c1c750 code [0x0000000002c1c900, 0x0000000002c1d008]
Event: 1.295 Thread 0x0000000056614000 1373       3       com.android.dx.cf.code.Ropper::addReturnBlock (228 bytes)
Event: 1.299 Thread 0x0000000056614000 

Event: 1.312 Thread 0x000000005660d800 


GC Heap History (0 events):
No events

Deoptimization events (2 events):
Event: 1.117 Thread 0x00000000568bc000 Uncommon trap: reason=unreached action=reinterpret pc=0x0000000002984004 method=com.android.dx.rop.cst.Constant.compareTo(Lcom/android/dx/rop/cst/Constant;)I @ 12
Event: 1.170 Thread 0x000000000250e800 Uncommon trap: reason=null_check action=make_not_entrant pc=0x0000000002a60c9c method=com.android.dx.ssa.SsaRenamer.getLocalForNewReg(I)Lcom/android/dx/rop/code/LocalItem; @ 19

Internal exceptions (10 events):
Event: 1.170 Thread 0x000000000250e800 Implicit null exception at 0x0000000002a5e737 to 0x0000000002a60c75
Event: 1.264 Thread 0x000000000250e800 Exception <a 'java/security/PrivilegedActionException'> (0x00000000ed350a70) thrown at [D:\re\workspace\8-2-build-windows-amd64-cygwin\jdk8u20\1074\hotspot\src\share\vm\prims\jvm.cpp, line 1275]
Event: 1.265 Thread 0x000000000250e800 Exception <a 'java/security/PrivilegedActionException'> (0x00000000ed35ad90) thrown at [D:\re\workspace\8-2-build-windows-amd64-cygwin\jdk8u20\1074\hotspot\src\share\vm\prims\jvm.cpp, line 1275]
Event: 1.265 Thread 0x000000000250e800 Exception <a 'java/security/PrivilegedActionException'> (0x00000000ed35d6d8) thrown at [D:\re\workspace\8-2-build-windows-amd64-cygwin\jdk8u20\1074\hotspot\src\share\vm\prims\jvm.cpp, line 1275]
Event: 1.267 Thread 0x0000000056962000 Exception <a 'java/security/PrivilegedActionException'> (0x00000000eda6e460) thrown at [D:\re\workspace\8-2-build-windows-amd64-cygwin\jdk8u20\1074\hotspot\src\share\vm\prims\jvm.cpp, line 1275]
Event: 1.267 Thread 0x0000000056962000 Exception <a 'java/security/PrivilegedActionException'> (0x00000000eda73eb0) thrown at [D:\re\workspace\8-2-build-windows-amd64-cygwin\jdk8u20\1074\hotspot\src\share\vm\prims\jvm.cpp, line 1275]
Event: 1.267 Thread 0x0000000056962000 Exception <a 'java/security/PrivilegedActionException'> (0x00000000eda796a8) thrown at [D:\re\workspace\8-2-build-windows-amd64-cygwin\jdk8u20\1074\hotspot\src\share\vm\prims\jvm.cpp, line 1275]
Event: 1.269 Thread 0x000000000250e800 Exception <a 'java/security/PrivilegedActionException'> (0x00000000ed36d9d0) thrown at [D:\re\workspace\8-2-build-windows-amd64-cygwin\jdk8u20\1074\hotspot\src\share\vm\prims\jvm.cpp, line 1275]
Event: 1.280 Thread 0x000000000250e800 Exception <a 'java/security/PrivilegedActionException'> (0x00000000ed3d1558) thrown at [D:\re\workspace\8-2-build-windows-amd64-cygwin\jdk8u20\1074\hotspot\src\share\vm\prims\jvm.cpp, line 1275]
Event: 1.280 Thread 0x000000000250e800 Exception <a 'java/security/PrivilegedActionException'> (0x00000000ed3d3c90) thrown at [D:\re\workspace\8-2-build-windows-amd64-cygwin\jdk8u20\1074\hotspot\src\share\vm\prims\jvm.cpp, line 1275]

Events (10 events):
Event: 1.267 loading class com/android/dx/dex/file/UniformListItem
Event: 1.267 loading class com/android/dx/dex/file/UniformListItem done
Event: 1.267 loading class com/android/dx/dex/file/AnnotationSetRefItem
Event: 1.267 loading class com/android/dx/dex/file/AnnotationSetRefItem done
Event: 1.269 loading class com/android/dx/cf/attrib/AttExceptions
Event: 1.269 loading class com/android/dx/cf/attrib/AttExceptions done
Event: 1.280 loading class com/android/dx/cf/attrib/AttRuntimeInvisibleAnnotations
Event: 1.280 loading class com/android/dx/cf/attrib/AttRuntimeInvisibleAnnotations done
Event: 1.280 loading class com/android/dx/cf/attrib/BaseAnnotations
Event: 1.280 loading class com/android/dx/cf/attrib/BaseAnnotations done


Dynamic libraries:
0x000000013f250000 - 0x000000013f284000 	C:\Program Files\Java\jdk1.8.0_20\bin\java.exe
0x0000000076da0000 - 0x0000000076f4a000 	C:\Windows\SYSTEM32\ntdll.dll
0x0000000076b80000 - 0x0000000076c9f000 	C:\Windows\system32\kernel32.dll
0x000007fefcc40000 - 0x000007fefccaa000 	C:\Windows\system32\KERNELBASE.dll
0x000007fefe2f0000 - 0x000007fefe3cb000 	C:\Windows\system32\ADVAPI32.dll
0x000007fefe4b0000 - 0x000007fefe54f000 	C:\Windows\system32\msvcrt.dll
0x000007fefed60000 - 0x000007fefed7f000 	C:\Windows\SYSTEM32\sechost.dll
0x000007fefe1c0000 - 0x000007fefe2ed000 	C:\Windows\system32\RPCRT4.dll
0x0000000076ca0000 - 0x0000000076d9a000 	C:\Windows\system32\USER32.dll
0x000007feff040000 - 0x000007feff0a7000 	C:\Windows\system32\GDI32.dll
0x000007feff030000 - 0x000007feff03e000 	C:\Windows\system32\LPK.dll
0x000007fefec90000 - 0x000007fefed5a000 	C:\Windows\system32\USP10.dll
0x000007fefb020000 - 0x000007fefb214000 	C:\Windows\WinSxS\amd64_microsoft.windows.common-controls_6595b64144ccf1df_6.0.7601.18837_none_fa3b1e3d17594757\COMCTL32.dll
0x000007fefe3e0000 - 0x000007fefe451000 	C:\Windows\system32\SHLWAPI.dll
0x000007fefd400000 - 0x000007fefd42e000 	C:\Windows\system32\IMM32.DLL
0x000007fefe8b0000 - 0x000007fefe9b9000 	C:\Windows\system32\MSCTF.dll
0x00000000588a0000 - 0x0000000058972000 	C:\Program Files\Java\jdk1.8.0_20\jre\bin\msvcr100.dll
0x0000000058980000 - 0x00000000591d8000 	C:\Program Files\Java\jdk1.8.0_20\jre\bin\server\jvm.dll
0x000007fef83f0000 - 0x000007fef83f9000 	C:\Windows\system32\WSOCK32.dll
0x000007fefe460000 - 0x000007fefe4ad000 	C:\Windows\system32\WS2_32.dll
0x000007fefe3d0000 - 0x000007fefe3d8000 	C:\Windows\system32\NSI.dll
0x000007fef9820000 - 0x000007fef985b000 	C:\Windows\system32\WINMM.dll
0x0000000076f70000 - 0x0000000076f77000 	C:\Windows\system32\PSAPI.DLL
0x0000000068d40000 - 0x0000000068d4f000 	C:\Program Files\Java\jdk1.8.0_20\jre\bin\verify.dll
0x0000000068d10000 - 0x0000000068d38000 	C:\Program Files\Java\jdk1.8.0_20\jre\bin\java.dll
0x0000000068cf0000 - 0x0000000068d06000 	C:\Program Files\Java\jdk1.8.0_20\jre\bin\zip.dll
0x000007fefd430000 - 0x000007fefe1b9000 	C:\Windows\system32\SHELL32.dll
0x000007fefee00000 - 0x000007feff003000 	C:\Windows\system32\ole32.dll
0x000007fefcb30000 - 0x000007fefcb3f000 	C:\Windows\system32\profapi.dll
0x000007fef3540000 - 0x000007fef3665000 	C:\Windows\system32\dbghelp.dll

VM Arguments:
jvm_args: -Djava.awt.headless=true -Xmx1024M -Dfile.encoding=windows-31j -Duser.country=US -Duser.language=en -Duser.variant 
java_command: com.android.dx.command.Main --dex --force-jumbo --num-threads=4 --multi-dex --output C:\Users\Ustak\Desktop\ud839_Miwok-a6df7e73966c65594ae4c35c89b3e691d0fe9c44\app\build\intermediates\transforms\dex\debug\folders\1000\10\internal_impl-23.3.0_0ef11f2f67fb50c9b769042230481f33417adbf0 C:\Users\Ustak\Desktop\ud839_Miwok-a6df7e73966c65594ae4c35c89b3e691d0fe9c44\app\build\intermediates\exploded-aar\com.android.support\support-v4\23.3.0\jars\libs\internal_impl-23.3.0.jar
java_class_path (initial): C:\Users\Ustak\AppData\Local\Android\sdk\build-tools\23.0.2\lib\dx.jar
Launcher Type: SUN_STANDARD

Environment Variables:
PATH=C:\ProgramData\Oracle\Java\javapath;C:\Program Files\Java\jdk1.8.0_20\bin;C:\Program Files (x86)\Calibre2\;C:\Program Files\Microsoft SQL Server\110\Tools\Binn\;C:\Program Files\Microsoft SQL Server\120\Tools\Binn\;c:\Program Files (x86)\Microsoft SQL Server\100\Tools\Binn\;c:\Program Files\Microsoft SQL Server\100\Tools\Binn\;c:\Program Files\Microsoft SQL Server\100\DTS\Binn\;C:\Windows\System32;C:\Program Files (x86)\SMLNJ\bin\;C:\Program Files\SlikSvn\bin;C:\Program Files (x86)\NVIDIA Corporation\PhysX\Common;C:\Program Files\TortoiseSVN\bin;C:\Program Files (x86)\Skype\Phone\;C:\Program Files\FileBot\;C:\Program Files\Git\cmd;C:\Program Files\Common Files\Microsoft Shared\Windows Live;C:\Program Files (x86)\Nmap
USERNAME=Ustak
OS=Windows_NT
PROCESSOR_IDENTIFIER=Intel64 Family 6 Model 42 Stepping 7, GenuineIntel



---------------  S Y S T E M  ---------------

OS: Windows 7 , 64 bit Build 7601 Service Pack 1

CPU:total 4 (4 cores per cpu, 1 threads per core) family 6 model 42 stepping 7, cmov, cx8, fxsr, mmx, sse, sse2, sse3, ssse3, sse4.1, sse4.2, popcnt, avx, aes, clmul, tsc, tscinvbit

Memory: 4k page, physical 16725104k(2864468k free), swap 17771820k(5864k free)

vm_info: Java HotSpot(TM) 64-Bit Server VM (25.20-b23) for windows-amd64 JRE (1.8.0_20-b26), built on Jul 30 2014 13:51:23 by "java_re" with MS VC++ 10.0 (VS2010)

time: Wed Jul 27 00:45:54 2016
elapsed time: 1 seconds (0d 0h 0m 1s)

