#
# There is insufficient memory for the Java Runtime Environment to continue.
# Native memory allocation (malloc) failed to allocate 1380096 bytes for Chunk::new
# Possible reasons:
#   The system is out of physical RAM or swap space
#   In 32 bit mode, the process size limit was hit
# Possible solutions:
#   Reduce memory load on the system
#   Increase physical memory or swap space
#   Check if swap backing store is full
#   Use 64 bit Java on a 64 bit OS
#   Decrease Java heap size (-Xmx/-Xms)
#   Decrease number of Java threads
#   Decrease Java thread stack sizes (-Xss)
#   Set larger code cache with -XX:ReservedCodeCacheSize=
# This output file may be truncated or incomplete.
#
#  Out of Memory Error (allocation.cpp:390), pid=11352, tid=9292
#
# JRE version: Java(TM) SE Runtime Environment (8.0_20-b26) (build 1.8.0_20-b26)
# Java VM: Java HotSpot(TM) 64-Bit Server VM (25.20-b23 mixed mode windows-amd64 compressed oops)
# Failed to write core dump. Minidumps are not enabled by default on client versions of Windows
#

---------------  T H R E A D  ---------------

Current thread (0x0000000056482800):  JavaThread "C2 CompilerThread1" daemon [_thread_in_native, id=9292, stack(0x0000000011e30000,0x0000000011f30000)]

Stack: [0x0000000011e30000,0x0000000011f30000]
Native frames: (J=compiled Java code, j=interpreted, Vv=VM code, C=native code)
V  [jvm.dll+0x3152fa]


Current CompileTask:
C2:   3550 1685   !   4       com.android.dx.cf.code.Ropper::processBlock (1101 bytes)


---------------  P R O C E S S  ---------------

Java Threads: ( => current thread )
  0x000000005671b800 JavaThread "pool-2-thread-4" [_thread_blocked, id=11708, stack(0x0000000057800000,0x0000000057900000)]
  0x000000005671a000 JavaThread "pool-2-thread-3" [_thread_blocked, id=10124, stack(0x0000000057620000,0x0000000057720000)]
  0x0000000056716800 JavaThread "pool-2-thread-2" [_thread_blocked, id=10392, stack(0x0000000057420000,0x0000000057520000)]
  0x00000000567fe800 JavaThread "pool-3-thread-1" [_thread_blocked, id=10732, stack(0x0000000056e80000,0x0000000056f80000)]
  0x00000000567c2800 JavaThread "pool-2-thread-1" [_thread_blocked, id=9616, stack(0x0000000057270000,0x0000000057370000)]
  0x0000000056486800 JavaThread "Service Thread" daemon [_thread_blocked, id=11148, stack(0x0000000056fc0000,0x00000000570c0000)]
  0x0000000056484000 JavaThread "C1 CompilerThread2" daemon [_thread_blocked, id=11696, stack(0x0000000056870000,0x0000000056970000)]
=>0x0000000056482800 JavaThread "C2 CompilerThread1" daemon [_thread_in_native, id=9292, stack(0x0000000011e30000,0x0000000011f30000)]
  0x000000005647d800 JavaThread "C2 CompilerThread0" daemon [_thread_in_native, id=9328, stack(0x0000000056d40000,0x0000000056e40000)]
  0x000000005647c800 JavaThread "Attach Listener" daemon [_thread_blocked, id=9744, stack(0x0000000056b50000,0x0000000056c50000)]
  0x00000000551e8000 JavaThread "Signal Dispatcher" daemon [_thread_blocked, id=9416, stack(0x0000000056a40000,0x0000000056b40000)]
  0x000000005517f800 JavaThread "Finalizer" daemon [_thread_blocked, id=9828, stack(0x0000000056220000,0x0000000056320000)]
  0x000000005517c800 JavaThread "Reference Handler" daemon [_thread_blocked, id=11764, stack(0x0000000056370000,0x0000000056470000)]
  0x00000000022fe800 JavaThread "main" [_thread_blocked, id=11236, stack(0x0000000002760000,0x0000000002860000)]

Other Threads:
  0x0000000055177000 VMThread [stack: 0x0000000056090000,0x0000000056190000] [id=5104]
  0x00000000551ee800 WatcherThread [stack: 0x00000000570c0000,0x00000000571c0000] [id=10848]

VM state:not at safepoint (normal execution)

VM Mutex/Monitor currently owned by a thread: None

Heap:
 PSYoungGen      total 76288K, used 35007K [0x00000000eab00000, 0x00000000f4000000, 0x0000000100000000)
  eden space 65536K, 37% used [0x00000000eab00000,0x00000000ec2b1e48,0x00000000eeb00000)
  from space 10752K, 99% used [0x00000000eeb00000,0x00000000ef57dee8,0x00000000ef580000)
  to   space 10752K, 0% used [0x00000000f3580000,0x00000000f3580000,0x00000000f4000000)
 ParOldGen       total 175104K, used 411K [0x00000000c0000000, 0x00000000cab00000, 0x00000000eab00000)
  object space 175104K, 0% used [0x00000000c0000000,0x00000000c0066db0,0x00000000cab00000)
 Metaspace       used 6192K, capacity 7088K, committed 7296K, reserved 1056768K
  class space    used 595K, capacity 616K, committed 640K, reserved 1048576K

Card table byte_map: [0x0000000011c20000,0x0000000011e30000] byte_map_base: 0x0000000011620000

Marking Bits: (ParMarkBitMap*) 0x000000005915b460
 Begin Bits: [0x00000000125f0000, 0x00000000135f0000)
 End Bits:   [0x00000000135f0000, 0x00000000145f0000)

Polling page: 0x0000000001b60000

CodeCache: size=245760Kb used=7320Kb max_used=7332Kb free=238439Kb
 bounds [0x0000000002860000, 0x0000000002fa0000, 0x0000000011860000]
 total_blobs=1953 nmethods=1687 adapters=180
 compilation: enabled

Compilation events (10 events):
Event: 3.521 Thread 0x0000000056484000 1708       3       com.android.dx.rop.annotation.Annotation::<init> (54 bytes)
Event: 3.521 Thread 0x000000005647d800 nmethod 1706 0x0000000002f849d0 code [0x0000000002f84b20, 0x0000000002f84dd8]
Event: 3.521 Thread 0x000000005647d800 1688       4       java.util.ArrayList$SubList::removeRange (47 bytes)
Event: 3.521 Thread 0x0000000056484000 nmethod 1708 0x0000000002f87750 code [0x0000000002f87900, 0x0000000002f87e78]
Event: 3.521 Thread 0x0000000056484000 1709       3       java.util.concurrent.locks.ReentrantLock$Sync::tryRelease (45 bytes)
Event: 3.522 Thread 0x0000000056484000 nmethod 1709 0x0000000002f86f50 code [0x0000000002f870e0, 0x0000000002f87648]
Event: 3.524 Thread 0x000000005647d800 nmethod 1688 0x0000000002f647d0 code [0x0000000002f64920, 0x0000000002f64b58]
Event: 3.524 Thread 0x000000005647d800 1689       4       com.android.dx.ssa.SsaBasicBlock::scheduleMovesFromPhis (108 bytes)
Event: 3.526 Thread 0x000000005647d800 nmethod 1689 0x0000000002f86850 code [0x0000000002f869e0, 0x0000000002f86bc0]
Event: 3.526 Thread 0x000000005647d800 1696       4       com.android.dx.rop.code.Rops::ropFor (771 bytes)

GC Heap History (2 events):
Event: 2.127 GC heap before
{Heap before GC invocations=1 (full 0):
 PSYoungGen      total 76288K, used 65536K [0x00000000eab00000, 0x00000000f0000000, 0x0000000100000000)
  eden space 65536K, 100% used [0x00000000eab00000,0x00000000eeb00000,0x00000000eeb00000)
  from space 10752K, 0% used [0x00000000ef580000,0x00000000ef580000,0x00000000f0000000)
  to   space 10752K, 0% used [0x00000000eeb00000,0x00000000eeb00000,0x00000000ef580000)
 ParOldGen       total 175104K, used 0K [0x00000000c0000000, 0x00000000cab00000, 0x00000000eab00000)
  object space 175104K, 0% used [0x00000000c0000000,0x00000000c0000000,0x00000000cab00000)
 Metaspace       used 6107K, capacity 7024K, committed 7296K, reserved 1056768K
  class space    used 595K, capacity 616K, committed 640K, reserved 1048576K
Event: 2.274 GC heap after
Heap after GC invocations=1 (full 0):
 PSYoungGen      total 76288K, used 10743K [0x00000000eab00000, 0x00000000f4000000, 0x0000000100000000)
  eden space 65536K, 0% used [0x00000000eab00000,0x00000000eab00000,0x00000000eeb00000)
  from space 10752K, 99% used [0x00000000eeb00000,0x00000000ef57dee8,0x00000000ef580000)
  to   space 10752K, 0% used [0x00000000f3580000,0x00000000f3580000,0x00000000f4000000)
 ParOldGen       total 175104K, used 411K [0x00000000c0000000, 0x00000000cab00000, 0x00000000eab00000)
  object space 175104K, 0% used [0x00000000c0000000,0x00000000c0066db0,0x00000000cab00000)
 Metaspace       used 6107K, capacity 7024K, committed 7296K, reserved 1056768K
  class space    used 595K, capacity 616K, committed 640K, reserved 1048576K
}

Deoptimization events (10 events):
Event: 2.067 Thread 0x0000000056716800 Uncommon trap: reason=class_check action=maybe_recompile pc=0x0000000002cde624 method=java.util.HashMap.putVal(ILjava/lang/Object;Ljava/lang/Object;ZZ)Ljava/lang/Object; @ 203
Event: 2.067 Thread 0x0000000056716800 Uncommon trap: reason=bimorphic action=maybe_recompile pc=0x0000000002ae8c94 method=java.util.HashMap.getNode(ILjava/lang/Object;)Ljava/util/HashMap$Node; @ 126
Event: 2.126 Thread 0x000000005671b800 Uncommon trap: reason=bimorphic action=maybe_recompile pc=0x0000000002d8d0c4 method=com.android.dx.ssa.LiteralOpUpgrader.tryReplacingWithConstant(Lcom/android/dx/ssa/NormalSsaInsn;)Z @ 52
Event: 2.465 Thread 0x000000005671b800 Uncommon trap: reason=bimorphic action=maybe_recompile pc=0x0000000002d8d0c4 method=com.android.dx.ssa.LiteralOpUpgrader.tryReplacingWithConstant(Lcom/android/dx/ssa/NormalSsaInsn;)Z @ 52
Event: 2.465 Thread 0x000000005671b800 Uncommon trap: reason=bimorphic action=maybe_recompile pc=0x0000000002d8d0c4 method=com.android.dx.ssa.LiteralOpUpgrader.tryReplacingWithConstant(Lcom/android/dx/ssa/NormalSsaInsn;)Z @ 52
Event: 2.465 Thread 0x000000005671b800 Uncommon trap: reason=bimorphic action=maybe_recompile pc=0x0000000002d8d0c4 method=com.android.dx.ssa.LiteralOpUpgrader.tryReplacingWithConstant(Lcom/android/dx/ssa/NormalSsaInsn;)Z @ 52
Event: 3.303 Thread 0x0000000056716800 Uncommon trap: reason=class_check action=maybe_recompile pc=0x0000000002e7aab8 method=com.android.dx.rop.code.RegisterSpec.withSimpleType()Lcom/android/dx/rop/code/RegisterSpec; @ 21
Event: 3.308 Thread 0x00000000022fe800 Uncommon trap: reason=unloaded action=reinterpret pc=0x0000000002db565c method=com.android.dx.cf.cst.ConstantPoolParser.parse0(ILjava/util/BitSet;)Lcom/android/dx/rop/cst/Constant; @ 198
Event: 3.440 Thread 0x000000005671b800 Uncommon trap: reason=bimorphic action=maybe_recompile pc=0x0000000002e8c03c method=com.android.dx.cf.code.BytecodeArray.parseInstruction(ILcom/android/dx/cf/code/BytecodeArray$Visitor;)I @ 955
Event: 3.440 Thread 0x000000005671b800 Uncommon trap: reason=bimorphic action=maybe_recompile pc=0x0000000002e8c03c method=com.android.dx.cf.code.BytecodeArray.parseInstruction(ILcom/android/dx/cf/code/BytecodeArray$Visitor;)I @ 955

Internal exceptions (10 events):
Event: 0.752 Thread 0x0000000056716800 Exception <a 'java/security/PrivilegedActionException'> (0x00000000ebcf9f60) thrown at [D:\re\workspace\8-2-build-windows-amd64-cygwin\jdk8u20\1074\hotspot\src\share\vm\prims\jvm.cpp, line 1275]
Event: 0.760 Thread 0x0000000056716800 Exception <a 'java/security/PrivilegedActionException'> (0x00000000ebd187e0) thrown at [D:\re\workspace\8-2-build-windows-amd64-cygwin\jdk8u20\1074\hotspot\src\share\vm\prims\jvm.cpp, line 1275]
Event: 0.770 Thread 0x0000000056716800 Exception <a 'java/security/PrivilegedActionException'> (0x00000000ebd629e8) thrown at [D:\re\workspace\8-2-build-windows-amd64-cygwin\jdk8u20\1074\hotspot\src\share\vm\prims\jvm.cpp, line 1275]
Event: 1.050 Thread 0x000000005671b800 Exception <a 'java/security/PrivilegedActionException'> (0x00000000ec2c0178) thrown at [D:\re\workspace\8-2-build-windows-amd64-cygwin\jdk8u20\1074\hotspot\src\share\vm\prims\jvm.cpp, line 1275]
Event: 1.105 Thread 0x000000005671a000 Exception <a 'java/security/PrivilegedActionException'> (0x00000000ec35e570) thrown at [D:\re\workspace\8-2-build-windows-amd64-cygwin\jdk8u20\1074\hotspot\src\share\vm\prims\jvm.cpp, line 1275]
Event: 1.224 Thread 0x00000000567c2800 Exception <a 'java/security/PrivilegedActionException'> (0x00000000ec604c70) thrown at [D:\re\workspace\8-2-build-windows-amd64-cygwin\jdk8u20\1074\hotspot\src\share\vm\prims\jvm.cpp, line 1275]
Event: 1.306 Thread 0x00000000022fe800 Exception <a 'java/security/PrivilegedActionException'> (0x00000000ebb82420) thrown at [D:\re\workspace\8-2-build-windows-amd64-cygwin\jdk8u20\1074\hotspot\src\share\vm\prims\jvm.cpp, line 1275]
Event: 1.503 Thread 0x00000000567c2800 Implicit null exception at 0x0000000002c19ad2 to 0x0000000002c19bc2
Event: 1.874 Thread 0x0000000056716800 Implicit null exception at 0x0000000002b88020 to 0x0000000002b89f81
Event: 1.903 Thread 0x0000000056716800 Exception <a 'java/security/PrivilegedActionException'> (0x00000000ed827420) thrown at [D:\re\workspace\8-2-build-windows-amd64-cygwin\jdk8u20\1074\hotspot\src\share\vm\prims\jvm.cpp, line 1275]

Events (10 events):
Event: 3.303 Thread 0x0000000056716800 DEOPT UNPACKING pc=0x00000000028a556a sp=0x000000005751ee38 mode 2
Event: 3.308 Thread 0x00000000022fe800 Uncommon trap: trap_request=0x000000d0 fr.pc=0x0000000002db565c
Event: 3.308 Thread 0x00000000022fe800 DEOPT PACKING pc=0x0000000002db565c sp=0x000000000285eb00
Event: 3.308 Thread 0x00000000022fe800 DEOPT UNPACKING pc=0x00000000028a556a sp=0x000000000285eab8 mode 2
Event: 3.440 Thread 0x000000005671b800 Uncommon trap: trap_request=0xffffffc6 fr.pc=0x0000000002e8c03c
Event: 3.440 Thread 0x000000005671b800 DEOPT PACKING pc=0x0000000002e8c03c sp=0x00000000578fecd0
Event: 3.440 Thread 0x000000005671b800 DEOPT UNPACKING pc=0x00000000028a556a sp=0x00000000578fec68 mode 2
Event: 3.440 Thread 0x000000005671b800 Uncommon trap: trap_request=0xffffffc6 fr.pc=0x0000000002e8c03c
Event: 3.440 Thread 0x000000005671b800 DEOPT PACKING pc=0x0000000002e8c03c sp=0x00000000578feb10
Event: 3.440 Thread 0x000000005671b800 DEOPT UNPACKING pc=0x00000000028a556a sp=0x00000000578feaa8 mode 2


Dynamic libraries:
0x000000013f250000 - 0x000000013f284000 	C:\Program Files\Java\jdk1.8.0_20\bin\java.exe
0x0000000076da0000 - 0x0000000076f4a000 	C:\Windows\SYSTEM32\ntdll.dll
0x0000000076b80000 - 0x0000000076c9f000 	C:\Windows\system32\kernel32.dll
0x000007fefcc40000 - 0x000007fefccaa000 	C:\Windows\system32\KERNELBASE.dll
0x000007fefe2f0000 - 0x000007fefe3cb000 	C:\Windows\system32\ADVAPI32.dll
0x000007fefe4b0000 - 0x000007fefe54f000 	C:\Windows\system32\msvcrt.dll
0x000007fefed60000 - 0x000007fefed7f000 	C:\Windows\SYSTEM32\sechost.dll
0x000007fefe1c0000 - 0x000007fefe2ed000 	C:\Windows\system32\RPCRT4.dll
0x0000000076ca0000 - 0x0000000076d9a000 	C:\Windows\system32\USER32.dll
0x000007feff040000 - 0x000007feff0a7000 	C:\Windows\system32\GDI32.dll
0x000007feff030000 - 0x000007feff03e000 	C:\Windows\system32\LPK.dll
0x000007fefec90000 - 0x000007fefed5a000 	C:\Windows\system32\USP10.dll
0x000007fefb020000 - 0x000007fefb214000 	C:\Windows\WinSxS\amd64_microsoft.windows.common-controls_6595b64144ccf1df_6.0.7601.18837_none_fa3b1e3d17594757\COMCTL32.dll
0x000007fefe3e0000 - 0x000007fefe451000 	C:\Windows\system32\SHLWAPI.dll
0x000007fefd400000 - 0x000007fefd42e000 	C:\Windows\system32\IMM32.DLL
0x000007fefe8b0000 - 0x000007fefe9b9000 	C:\Windows\system32\MSCTF.dll
0x00000000588a0000 - 0x0000000058972000 	C:\Program Files\Java\jdk1.8.0_20\jre\bin\msvcr100.dll
0x0000000058980000 - 0x00000000591d8000 	C:\Program Files\Java\jdk1.8.0_20\jre\bin\server\jvm.dll
0x000007fef83f0000 - 0x000007fef83f9000 	C:\Windows\system32\WSOCK32.dll
0x000007fefe460000 - 0x000007fefe4ad000 	C:\Windows\system32\WS2_32.dll
0x000007fefe3d0000 - 0x000007fefe3d8000 	C:\Windows\system32\NSI.dll
0x000007fef9820000 - 0x000007fef985b000 	C:\Windows\system32\WINMM.dll
0x0000000076f70000 - 0x0000000076f77000 	C:\Windows\system32\PSAPI.DLL
0x0000000068d40000 - 0x0000000068d4f000 	C:\Program Files\Java\jdk1.8.0_20\jre\bin\verify.dll
0x0000000068d10000 - 0x0000000068d38000 	C:\Program Files\Java\jdk1.8.0_20\jre\bin\java.dll
0x0000000068cf0000 - 0x0000000068d06000 	C:\Program Files\Java\jdk1.8.0_20\jre\bin\zip.dll
0x000007fefd430000 - 0x000007fefe1b9000 	C:\Windows\system32\SHELL32.dll
0x000007fefee00000 - 0x000007feff003000 	C:\Windows\system32\ole32.dll
0x000007fefcb30000 - 0x000007fefcb3f000 	C:\Windows\system32\profapi.dll
0x000007fef3540000 - 0x000007fef3665000 	C:\Windows\system32\dbghelp.dll

VM Arguments:
jvm_args: -Djava.awt.headless=true -Xmx1024M -Dfile.encoding=windows-31j -Duser.country=US -Duser.language=en -Duser.variant 
java_command: com.android.dx.command.Main --dex --force-jumbo --num-threads=4 --multi-dex --output C:\Users\Ustak\Desktop\ud839_Miwok-a6df7e73966c65594ae4c35c89b3e691d0fe9c44\app\build\intermediates\transforms\dex\debug\folders\1000\10\com.android.support-design-23.3.0_f4261baab6a0a4e4a143ff8b4430199d53a4d10b C:\Users\Ustak\Desktop\ud839_Miwok-a6df7e73966c65594ae4c35c89b3e691d0fe9c44\app\build\intermediates\exploded-aar\com.android.support\design\23.3.0\jars\classes.jar
java_class_path (initial): C:\Users\Ustak\AppData\Local\Android\sdk\build-tools\23.0.2\lib\dx.jar
Launcher Type: SUN_STANDARD

Environment Variables:
PATH=C:\ProgramData\Oracle\Java\javapath;C:\Program Files\Java\jdk1.8.0_20\bin;C:\Program Files (x86)\Calibre2\;C:\Program Files\Microsoft SQL Server\110\Tools\Binn\;C:\Program Files\Microsoft SQL Server\120\Tools\Binn\;c:\Program Files (x86)\Microsoft SQL Server\100\Tools\Binn\;c:\Program Files\Microsoft SQL Server\100\Tools\Binn\;c:\Program Files\Microsoft SQL Server\100\DTS\Binn\;C:\Windows\System32;C:\Program Files (x86)\SMLNJ\bin\;C:\Program Files\SlikSvn\bin;C:\Program Files (x86)\NVIDIA Corporation\PhysX\Common;C:\Program Files\TortoiseSVN\bin;C:\Program Files (x86)\Skype\Phone\;C:\Program Files\FileBot\;C:\Program Files\Git\cmd;C:\Program Files\Common Files\Microsoft Shared\Windows Live;C:\Program Files (x86)\Nmap
USERNAME=Ustak
OS=Windows_NT
PROCESSOR_IDENTIFIER=Intel64 Family 6 Model 42 Stepping 7, GenuineIntel



---------------  S Y S T E M  ---------------

OS: Windows 7 , 64 bit Build 7601 Service Pack 1

CPU:total 4 (4 cores per cpu, 1 threads per core) family 6 model 42 stepping 7, cmov, cx8, fxsr, mmx, sse, sse2, sse3, ssse3, sse4.1, sse4.2, popcnt, avx, aes, clmul, tsc, tscinvbit

Memory: 4k page, physical 16725104k(2856244k free), swap 17771820k(5120k free)

vm_info: Java HotSpot(TM) 64-Bit Server VM (25.20-b23) for windows-amd64 JRE (1.8.0_20-b26), built on Jul 30 2014 13:51:23 by "java_re" with MS VC++ 10.0 (VS2010)

time: Wed Jul 27 00:52:22 2016
elapsed time: 3 seconds (0d 0h 0m 3s)

